2014-10-31 13:52:10,813 - INFO - mysql://root:1002@localhost/user
2014-10-31 13:52:34,933 - INFO - mysql://root:1002@localhost/user
2014-10-31 13:52:35,322 - INFO - mysql://root:1002@localhost/user
2014-10-31 13:55:11,982 - INFO - login page
2014-10-31 14:00:43,423 - INFO - login page
2014-10-31 14:01:43,491 - INFO - login page
2014-10-31 14:01:43,501 - INFO - User email does not exist
2014-10-31 15:34:22,973 - INFO - mysql://root:1002@localhost/user
2014-10-31 15:34:23,231 - INFO - mysql://root:1002@localhost/user
2014-10-31 15:34:23,642 - INFO - mysql://root:1002@localhost/user
2014-10-31 15:34:29,209 - INFO - mysql://root:1002@localhost/user
2014-10-31 15:34:29,520 - INFO - mysql://root:1002@localhost/user
2014-10-31 15:35:56,980 - INFO - login page
2014-10-31 15:35:56,994 - INFO - User email does not exist
2014-10-31 15:36:26,909 - INFO - mysql://root:1002@localhost/user
2014-10-31 15:36:27,145 - INFO - mysql://root:1002@localhost/user
2014-10-31 15:36:27,270 - INFO - mysql://root:1002@localhost/user
2014-10-31 15:36:30,880 - INFO - mysql://root:1002@localhost/user
2014-10-31 15:36:31,202 - INFO - mysql://root:1002@localhost/user
2014-10-31 15:36:44,285 - INFO - login page
2014-10-31 15:36:44,292 - INFO - User email does not exist
2014-10-31 15:37:34,562 - INFO - login page
2014-10-31 15:37:34,565 - INFO - User email does not exist
2014-10-31 15:44:34,235 - INFO - mysql://root:1002@localhost/user
2014-10-31 15:44:34,620 - INFO - mysql://root:1002@localhost/user
2014-10-31 15:44:39,584 - INFO - login page
2014-10-31 15:44:43,904 - INFO - login page
2014-10-31 15:44:43,909 - INFO - User email does not exist
2014-10-31 15:44:52,426 - INFO - mysql://root:1002@localhost/user
2014-10-31 15:44:52,904 - INFO - login page
2014-10-31 15:44:52,910 - INFO - User email does not exist
2014-10-31 15:45:06,252 - INFO - mysql://root:1002@localhost/user
2014-10-31 15:45:09,875 - INFO - login page
2014-10-31 15:45:12,666 - INFO - login page
2014-10-31 15:45:12,670 - INFO - User email does not exist
2014-10-31 15:45:17,447 - INFO - login page
2014-10-31 15:45:17,450 - INFO - User email does not exist
2014-10-31 15:45:33,421 - INFO - mysql://root:1002@localhost/user
2014-10-31 15:45:33,759 - INFO - mysql://root:1002@localhost/user
2014-10-31 15:45:40,664 - INFO - login page
2014-10-31 15:45:40,668 - INFO - User email does not exist
2014-10-31 15:45:46,031 - INFO - login page
2014-10-31 15:45:46,034 - INFO - User email does not exist
2014-10-31 15:45:57,554 - INFO - login page
2014-10-31 15:45:57,556 - INFO - User email does not exist
2014-10-31 15:46:04,701 - INFO - login page
2014-10-31 15:46:55,732 - INFO - login page
2014-10-31 15:46:56,899 - INFO - login page
2014-10-31 15:46:56,903 - INFO - User email does not exist
2014-10-31 15:47:14,546 - INFO - mysql://root:1002@localhost/user
2014-10-31 15:47:18,250 - INFO - login page
2014-10-31 15:47:32,775 - INFO - login page
2014-10-31 15:48:23,044 - INFO - login page
2014-10-31 15:48:23,049 - INFO - User email does not exist
2014-10-31 15:49:27,625 - INFO - login page
2014-10-31 15:49:27,629 - INFO - User email does not exist
2014-10-31 15:58:30,854 - INFO - mysql://root:1002@localhost/user
2014-10-31 15:59:04,689 - INFO - mysql://root:1002@localhost/user
2014-10-31 15:59:05,073 - INFO - mysql://root:1002@localhost/user
2014-10-31 15:59:09,636 - INFO - login page
2014-10-31 15:59:19,760 - INFO - login page
2014-10-31 15:59:29,209 - INFO - login page
2014-10-31 16:02:32,932 - INFO - mysql://root:1002@localhost/user
2014-10-31 16:04:05,591 - INFO - mysql://root:1002@localhost/user
2014-10-31 16:04:17,341 - INFO - mysql://root:1002@localhost/user
2014-10-31 16:04:23,995 - INFO - mysql://root:1002@localhost/user
2014-10-31 16:05:10,422 - INFO - mysql://root:1002@localhost/user
2014-10-31 16:05:10,789 - INFO - mysql://root:1002@localhost/user
2014-10-31 16:05:49,380 - INFO - mysql://root:1002@localhost/user
2014-10-31 16:05:49,631 - INFO - mysql://root:1002@localhost/user
2014-10-31 16:05:49,773 - INFO - mysql://root:1002@localhost/user
2014-10-31 16:06:09,320 - INFO - mysql://root:1002@localhost/user
2014-10-31 16:21:05,865 - INFO - login page
2014-10-31 16:21:05,880 - INFO - User email does not exist
2014-10-31 16:26:07,188 - INFO - login page
2014-10-31 16:26:07,192 - INFO - User email does not exist
2014-10-31 16:31:37,769 - INFO - login page
2014-10-31 16:31:37,773 - INFO - User email does not exist
2014-10-31 16:32:32,053 - INFO - mysql://root:1002@localhost/user
2014-10-31 16:33:24,259 - INFO - mysql://root:1002@localhost/user
2014-10-31 16:34:04,993 - ERROR - 400: Bad Request
2014-10-31 16:37:11,084 - INFO - login page
2014-10-31 16:37:11,088 - INFO - User email does not exist
2014-10-31 17:03:55,666 - INFO - mysql://root:1002@localhost/user
2014-10-31 17:20:35,433 - INFO - login page
2014-10-31 17:20:35,444 - INFO - User email does not exist
2014-10-31 17:21:11,957 - INFO - login page
2014-10-31 17:21:11,961 - INFO - User email does not exist
2014-10-31 17:23:03,166 - INFO - login page
2014-10-31 17:23:03,170 - INFO - User email does not exist
2014-10-31 17:24:54,686 - INFO - mysql://root:1002@localhost/user
2014-10-31 17:31:11,136 - INFO - mysql://root:1002@localhost/user
2014-10-31 17:31:11,580 - INFO - mysql://root:1002@localhost/user
2014-10-31 17:31:32,560 - INFO - login page
2014-10-31 17:34:53,091 - INFO - mysql://root:1002@localhost/user
2014-10-31 17:34:53,494 - INFO - mysql://root:1002@localhost/user
2014-10-31 17:34:57,879 - INFO - login page
2014-10-31 18:04:29,645 - INFO - mysql://root:1002@localhost/user
2014-10-31 18:06:05,523 - INFO - login page
2014-10-31 18:06:05,525 - ERROR - 400: Bad Request
2014-10-31 18:06:16,944 - INFO - login page
2014-10-31 18:06:16,945 - ERROR - 400: Bad Request
2014-10-31 18:06:17,966 - INFO - login page
2014-10-31 18:06:17,967 - ERROR - 400: Bad Request
2014-10-31 18:06:19,927 - INFO - login page
2014-10-31 18:06:19,928 - ERROR - 400: Bad Request
2014-10-31 18:06:31,187 - INFO - login page
2014-10-31 18:06:31,188 - ERROR - 400: Bad Request
2014-10-31 18:06:34,963 - INFO - login page
2014-10-31 18:06:34,964 - ERROR - 400: Bad Request
2014-10-31 18:06:35,899 - INFO - login page
2014-10-31 18:06:35,900 - ERROR - 400: Bad Request
2014-10-31 18:06:41,023 - INFO - login page
2014-10-31 18:06:41,024 - ERROR - 400: Bad Request
2014-10-31 18:06:41,560 - INFO - login page
2014-10-31 18:06:41,561 - ERROR - 400: Bad Request
2014-10-31 18:06:42,343 - INFO - login page
2014-10-31 18:06:42,344 - ERROR - 400: Bad Request
2014-10-31 18:06:42,346 - INFO - login page
2014-10-31 18:06:42,347 - ERROR - 400: Bad Request
2014-10-31 18:06:43,276 - INFO - login page
2014-10-31 18:06:43,277 - ERROR - 400: Bad Request
2014-10-31 18:06:43,402 - INFO - login page
2014-10-31 18:06:43,403 - ERROR - 400: Bad Request
2014-10-31 18:07:05,792 - INFO - login page
2014-10-31 18:07:05,794 - ERROR - 400: Bad Request
2014-10-31 18:07:42,147 - INFO - login page
2014-10-31 18:07:42,149 - ERROR - 400: Bad Request
2014-10-31 18:07:57,607 - INFO - login page
2014-10-31 18:07:57,608 - ERROR - 400: Bad Request
2014-10-31 18:09:02,649 - INFO - mysql://root:1002@localhost/user
2014-10-31 18:09:03,073 - INFO - mysql://root:1002@localhost/user
2014-10-31 18:09:12,080 - INFO - login page
2014-10-31 18:09:12,082 - ERROR - 400: Bad Request
2014-10-31 18:09:20,552 - INFO - login page
2014-10-31 18:09:20,553 - ERROR - 400: Bad Request
2014-10-31 18:10:26,701 - INFO - login page
2014-10-31 18:10:26,709 - ERROR - (OperationalError) (1054, "Unknown column 'users.name' in 'field list'") 'SELECT users.email AS users_email, users.address AS users_address, users.name AS users_name, users.password AS users_password, users.user_id AS users_user_id, users.department AS users_department, users.gender AS users_gender, users.registered_on AS users_registered_on, users.activated AS users_activated \nFROM users \nWHERE users.email = %s \n LIMIT %s' (u'sj f', 1)
2014-10-31 18:10:47,499 - INFO - login page
2014-10-31 18:10:47,502 - ERROR - (OperationalError) (1054, "Unknown column 'users.name' in 'field list'") 'SELECT users.email AS users_email, users.address AS users_address, users.name AS users_name, users.password AS users_password, users.user_id AS users_user_id, users.department AS users_department, users.gender AS users_gender, users.registered_on AS users_registered_on, users.activated AS users_activated \nFROM users \nWHERE users.email = %s \n LIMIT %s' (u'sjf', 1)
2014-10-31 18:13:40,139 - INFO - login page
2014-10-31 18:13:40,144 - ERROR - (OperationalError) (1054, "Unknown column 'users.name' in 'field list'") 'SELECT users.email AS users_email, users.address AS users_address, users.name AS users_name, users.password AS users_password, users.user_id AS users_user_id, users.department AS users_department, users.gender AS users_gender, users.registered_on AS users_registered_on, users.activated AS users_activated \nFROM users \nWHERE users.email = %s \n LIMIT %s' (u'fdd', 1)
2014-10-31 18:14:36,371 - INFO - mysql://root:1002@localhost/user
2014-10-31 18:14:36,763 - INFO - mysql://root:1002@localhost/user
2014-10-31 18:14:43,418 - INFO - login page
2014-10-31 18:14:43,425 - ERROR - (OperationalError) (1054, "Unknown column 'users.name' in 'field list'") 'SELECT users.email AS users_email, users.address AS users_address, users.name AS users_name, users.password AS users_password, users.user_id AS users_user_id, users.department AS users_department, users.gender AS users_gender, users.registered_on AS users_registered_on, users.activated AS users_activated \nFROM users \nWHERE users.email = %s \n LIMIT %s' (u'dhd', 1)
2014-10-31 18:15:10,951 - INFO - mysql://root:1002@localhost/user
2014-10-31 18:15:11,299 - INFO - mysql://root:1002@localhost/user
2014-10-31 18:15:21,395 - INFO - login page
2014-10-31 18:15:21,410 - INFO - User email does not exist
2014-10-31 18:16:00,627 - INFO - login page
2014-10-31 18:16:00,631 - INFO - User email does not exist
2014-10-31 18:16:27,238 - INFO - login page
2014-10-31 18:16:27,242 - INFO - User email does not exist
2014-10-31 18:18:00,739 - INFO - login page
2014-10-31 18:18:00,743 - INFO - User email does not exist
2014-10-31 18:18:21,682 - INFO - mysql://root:1002@localhost/user
2014-10-31 18:18:24,193 - INFO - login page
2014-10-31 18:18:24,198 - INFO - User email does not exist
2014-10-31 18:18:27,366 - INFO - login page
2014-10-31 18:18:27,369 - INFO - User email does not exist
2014-10-31 18:18:34,627 - INFO - login page
2014-10-31 18:18:34,631 - INFO - User email does not exist
2014-10-31 18:19:05,010 - INFO - login page
2014-10-31 18:19:05,015 - INFO - User email does not exist
2014-10-31 18:19:19,279 - INFO - login page
2014-10-31 18:19:19,284 - INFO - User email does not exist
2014-10-31 18:19:57,075 - INFO - login page
2014-10-31 18:19:57,079 - INFO - User email does not exist
2014-10-31 18:21:14,373 - INFO - mysql://root:1002@localhost/user
2014-10-31 18:25:35,663 - INFO - mysql://root:1002@localhost/user
2014-10-31 18:25:36,154 - INFO - mysql://root:1002@localhost/user
2014-10-31 18:25:56,722 - INFO - login page
2014-10-31 18:25:56,729 - INFO - User email does not exist
2014-10-31 18:26:28,792 - INFO - login page
2014-10-31 18:26:28,796 - INFO - User email does not exist
2014-10-31 18:27:08,058 - INFO - login page
2014-10-31 18:27:08,062 - INFO - User email does not exist
2014-10-31 18:27:15,240 - INFO - login page
2014-10-31 18:27:15,243 - INFO - User email does not exist
